Start testing: Mar 07 10:39 CST
----------------------------------------------------------
1/1 Testing: test1
1/1 Test: test1
Command: "/home/lhx/work/github/program-tools/cmake/cmake-commands/Project_Commands/enable_testing/main"
Directory: /home/lhx/work/github/program-tools/cmake/cmake-commands/Project_Commands/enable_testing
"test1" start time: Mar 07 10:39 CST
Output:
----------------------------------------------------------
in main
<end of output>
Test time =   0.00 sec
----------------------------------------------------------
Test Pass Reason:
Required regular expression found. Regex=[in main]
"test1" end time: Mar 07 10:39 CST
"test1" time elapsed: 00:00:00
----------------------------------------------------------

End testing: Mar 07 10:39 CST
